<?xml version="1.0" encoding="UTF-8"?>
<!-- Generated by org.testng.reporters.JUnitReportReporter -->
<testsuite hostname="LAPTOP-7FB3PP7D" failures="0" tests="1" name="com.practice.FutureDateInMakeMyTripTest" time="0.000" errors="0" timestamp="2021-11-20T22:20:45 IST" skipped="1">
  <testcase classname="com.practice.FutureDateInMakeMyTripTest" name="futureDateInMakeMyTripTest" time="0.000">
    <skipped/>
  </testcase> <!-- futureDateInMakeMyTripTest -->
  <system-out/>
</testsuite> <!-- com.practice.FutureDateInMakeMyTripTest -->
