<?xml version="1.0" encoding="UTF-8"?>
<!-- Generated by org.testng.reporters.JUnitReportReporter -->
<testsuite hostname="LAPTOP-7FB3PP7D" failures="0" tests="1" name="com.practice.VtigerWebTablesHandlingTest" time="48.121" errors="0" timestamp="2021-11-11T22:19:02 IST" skipped="0">
  <testcase classname="com.practice.VtigerWebTablesHandlingTest" name="vtigerWebTablesHandlingTest" time="48.121"/>
  <system-out/>
</testsuite> <!-- com.practice.VtigerWebTablesHandlingTest -->
