<?xml version="1.0" encoding="UTF-8"?>
<!-- Generated by org.testng.reporters.JUnitReportReporter -->
<testsuite hostname="LAPTOP-7FB3PP7D" failures="0" tests="1" name="jdbc.practice.ExecuteQueryTest" time="0.316" errors="0" timestamp="2021-11-05T11:49:24 IST" skipped="0">
  <testcase classname="jdbc.practice.ExecuteQueryTest" name="executeQureyTest" time="0.316"/>
  <system-out/>
</testsuite> <!-- jdbc.practice.ExecuteQueryTest -->
