<?xml version="1.0" encoding="UTF-8"?>
<!-- Generated by org.testng.reporters.JUnitReportReporter -->
<testsuite hostname="LAPTOP-7FB3PP7D" failures="0" tests="1" name="com.practice.DebugTest" time="10.594" errors="0" timestamp="2021-11-12T10:08:55 IST" skipped="0">
  <testcase classname="com.practice.DebugTest" name="debudTest" time="10.594"/>
  <system-out/>
</testsuite> <!-- com.practice.DebugTest -->
