<?xml version="1.0" encoding="UTF-8"?>
<!-- Generated by org.testng.reporters.JUnitReportReporter -->
<testsuite hostname="LAPTOP-7FB3PP7D" failures="0" tests="5" name="testNG.practice.PriorityTest" time="0.011" errors="0" timestamp="2021-11-01T17:00:03 IST" skipped="0">
  <testcase classname="testNG.practice.PriorityTest" name="modify" time="0.001"/>
  <system-out/>
  <testcase classname="testNG.practice.PriorityTest" name="delete" time="0.001"/>
  <system-out/>
  <testcase classname="testNG.practice.PriorityTest" name="create" time="0.007"/>
  <system-out/>
  <testcase classname="testNG.practice.PriorityTest" name="create" time="0.001"/>
  <system-out/>
  <testcase classname="testNG.practice.PriorityTest" name="create" time="0.001"/>
  <system-out/>
</testsuite> <!-- testNG.practice.PriorityTest -->
