<?xml version="1.0" encoding="UTF-8"?>
<!-- Generated by org.testng.reporters.JUnitReportReporter -->
<testsuite hostname="LAPTOP-7FB3PP7D" failures="0" tests="2" name="testNG.practice.SampleTest" time="0.009" errors="0" timestamp="01 Nov 2021 06:43:32 GMT" skipped="0">
  <testcase classname="testNG.practice.SampleTest" name="modifyOrganization" time="0.003"/>
  <testcase classname="testNG.practice.SampleTest" name="createOrganization" time="0.006"/>
</testsuite> <!-- testNG.practice.SampleTest -->
