<?xml version="1.0" encoding="UTF-8"?>
<!-- Generated by org.testng.reporters.JUnitReportReporter -->
<testsuite hostname="LAPTOP-7FB3PP7D" failures="0" tests="1" name="com.practice.OlympicsMedalsTest" time="8.836" errors="0" timestamp="2021-11-11T14:06:56 IST" skipped="0">
  <testcase classname="com.practice.OlympicsMedalsTest" name="olympicsMedalsTest" time="8.836"/>
  <system-out/>
</testsuite> <!-- com.practice.OlympicsMedalsTest -->
