<?xml version="1.0" encoding="UTF-8"?>
<!-- Generated by org.testng.reporters.JUnitReportReporter -->
<testsuite hostname="LAPTOP-7FB3PP7D" failures="0" tests="1" name="com.vtiger.testscripts.OpenApplicationTest" time="19.403" errors="0" timestamp="2021-11-02T14:56:25 IST" skipped="0">
  <testcase classname="com.vtiger.testscripts.OpenApplicationTest" name="openApplicationTest" time="19.403"/>
  <system-out/>
</testsuite> <!-- com.vtiger.testscripts.OpenApplicationTest -->
