<?xml version="1.0" encoding="UTF-8"?>
<!-- Generated by org.testng.reporters.JUnitReportReporter -->
<testsuite hostname="LAPTOP-7FB3PP7D" failures="0" tests="6" name="DDT.practice.ReadDataFromExcelThroughDataProvider" time="0.010" errors="0" timestamp="2021-12-06T11:19:52 IST" skipped="0">
  <testcase classname="DDT.practice.ReadDataFromExcelThroughDataProvider" name="ExcelThroughDataProvider" time="0.001"/>
  <system-out/>
  <testcase classname="DDT.practice.ReadDataFromExcelThroughDataProvider" name="ExcelThroughDataProvider" time="0.001"/>
  <system-out/>
  <testcase classname="DDT.practice.ReadDataFromExcelThroughDataProvider" name="ExcelThroughDataProvider" time="0.005"/>
  <system-out/>
  <testcase classname="DDT.practice.ReadDataFromExcelThroughDataProvider" name="ExcelThroughDataProvider" time="0.002"/>
  <system-out/>
  <testcase classname="DDT.practice.ReadDataFromExcelThroughDataProvider" name="ExcelThroughDataProvider" time="0.000"/>
  <system-out/>
  <testcase classname="DDT.practice.ReadDataFromExcelThroughDataProvider" name="ExcelThroughDataProvider" time="0.001"/>
  <system-out/>
</testsuite> <!-- DDT.practice.ReadDataFromExcelThroughDataProvider -->
