<?xml version="1.0" encoding="UTF-8"?>
<!-- Generated by org.testng.reporters.JUnitReportReporter -->
<testsuite hostname="LAPTOP-7FB3PP7D" failures="0" tests="1" name="com.vtiger.purchaseorder.CreatePO_StatusAsApprovedTest" time="30.121" errors="0" timestamp="2021-11-02T21:43:46 IST" skipped="0">
  <testcase classname="com.vtiger.purchaseorder.CreatePO_StatusAsApprovedTest" name="createPO_StatusAsApprovedTest" time="30.121"/>
  <system-out/>
</testsuite> <!-- com.vtiger.purchaseorder.CreatePO_StatusAsApprovedTest -->
