<?xml version="1.0" encoding="UTF-8"?>
<!-- Generated by org.testng.reporters.JUnitReportReporter -->
<testsuite hostname="LAPTOP-7FB3PP7D" failures="0" tests="1" name="com.practice.HandlingWindowPopUpsTest" time="4.971" errors="0" timestamp="2021-11-10T17:24:11 IST" skipped="0">
  <testcase classname="com.practice.HandlingWindowPopUpsTest" name="handlingWindowPopUpsTest" time="4.971"/>
  <system-out/>
</testsuite> <!-- com.practice.HandlingWindowPopUpsTest -->
