<?xml version="1.0" encoding="UTF-8"?>
<!-- Generated by org.testng.reporters.JUnitReportReporter -->
<testsuite hostname="LAPTOP-7FB3PP7D" failures="0" tests="1" name="testNG.practice.SampleTest1" time="0.006" errors="0" timestamp="2021-11-05T12:53:05 IST" skipped="0">
  <testcase classname="testNG.practice.SampleTest1" name="createOrganisation" time="0.006"/>
  <system-out/>
</testsuite> <!-- testNG.practice.SampleTest1 -->
