<?xml version="1.0" encoding="UTF-8"?>
<!-- Generated by org.testng.reporters.JUnitReportReporter -->
<testsuite hostname="LAPTOP-7FB3PP7D" failures="0" tests="1" name="com.vtiger.purchaseorder.CreatePO_StatusAsCancelledTest" time="38.534" errors="0" timestamp="2021-11-02T21:47:14 IST" skipped="0">
  <testcase classname="com.vtiger.purchaseorder.CreatePO_StatusAsCancelledTest" name="createPO_StatusAsCancelledTest" time="38.534"/>
  <system-out/>
</testsuite> <!-- com.vtiger.purchaseorder.CreatePO_StatusAsCancelledTest -->
