<?xml version="1.0" encoding="UTF-8"?>
<!-- Generated by org.testng.reporters.JUnitReportReporter -->
<testsuite hostname="LAPTOP-7FB3PP7D" failures="0" tests="1" name="DDT.practice.ReadTheDataFromPropertiesFileTest" time="0.012" errors="0" timestamp="26 Oct 2021 07:47:45 GMT" skipped="0">
  <testcase classname="DDT.practice.ReadTheDataFromPropertiesFileTest" name="readDataFromPropertiesFileTest" time="0.012"/>
</testsuite> <!-- DDT.practice.ReadTheDataFromPropertiesFileTest -->
