<?xml version="1.0" encoding="UTF-8"?>
<!-- Generated by org.testng.reporters.JUnitReportReporter -->
<testsuite hostname="LAPTOP-7FB3PP7D" failures="0" tests="1" name="com.practice.NormalizePathTest" time="6.548" errors="0" timestamp="2021-11-12T07:21:00 IST" skipped="0">
  <testcase classname="com.practice.NormalizePathTest" name="normalizePathTest" time="6.548"/>
  <system-out/>
</testsuite> <!-- com.practice.NormalizePathTest -->
