<?xml version="1.0" encoding="UTF-8"?>
<!-- Generated by org.testng.reporters.JUnitReportReporter -->
<testsuite hostname="LAPTOP-7FB3PP7D" failures="0" tests="5" name="com.practice.MakeMyTripTest" time="184.533" errors="0" timestamp="2021-11-10T16:01:17 IST" skipped="0">
  <testcase classname="com.practice.MakeMyTripTest" name="makeMyTripTest" time="20.478"/>
  <system-out/>
  <testcase classname="com.practice.MakeMyTripTest" name="makeMyTripTest" time="27.777"/>
  <system-out/>
  <testcase classname="com.practice.MakeMyTripTest" name="makeMyTripTest" time="33.439"/>
  <system-out/>
  <testcase classname="com.practice.MakeMyTripTest" name="makeMyTripTest" time="77.811"/>
  <system-out/>
  <testcase classname="com.practice.MakeMyTripTest" name="makeMyTripTest" time="25.028"/>
  <system-out/>
</testsuite> <!-- com.practice.MakeMyTripTest -->
