<?xml version="1.0" encoding="UTF-8"?>
<!-- Generated by org.testng.reporters.JUnitReportReporter -->
<testsuite hostname="LAPTOP-7FB3PP7D" failures="0" tests="1" name="com.vtiger.purchaseorder.CreatePO_StatusAsDeliveredTest" time="30.826" errors="0" timestamp="2021-11-02T21:53:54 IST" skipped="0">
  <testcase classname="com.vtiger.purchaseorder.CreatePO_StatusAsDeliveredTest" name="createPO_StatusAsDeliveredTest" time="30.826"/>
  <system-out/>
</testsuite> <!-- com.vtiger.purchaseorder.CreatePO_StatusAsDeliveredTest -->
