<?xml version="1.0" encoding="UTF-8"?>
<!-- Generated by org.testng.reporters.JUnitReportReporter -->
<testsuite hostname="LAPTOP-7FB3PP7D" failures="0" tests="1" name="com.practice.HandlingStaticWebTableTest" time="2.931" errors="0" timestamp="2021-11-10T17:09:55 IST" skipped="0">
  <testcase classname="com.practice.HandlingStaticWebTableTest" name="handlingStaticWebTableTest" time="2.931"/>
  <system-out/>
</testsuite> <!-- com.practice.HandlingStaticWebTableTest -->
