<?xml version="1.0" encoding="UTF-8"?>
<!-- Generated by org.testng.reporters.JUnitReportReporter -->
<testsuite hostname="LAPTOP-7FB3PP7D" failures="0" tests="1" name="com.practice.IccRankingsTest" time="15.806" errors="0" timestamp="2021-11-23T23:12:47 IST" skipped="0">
  <testcase classname="com.practice.IccRankingsTest" name="iccRankingTest" time="15.806"/>
  <system-out/>
</testsuite> <!-- com.practice.IccRankingsTest -->
