<?xml version="1.0" encoding="UTF-8"?>
<!-- Generated by org.testng.reporters.JUnitReportReporter -->
<testsuite hostname="LAPTOP-7FB3PP7D" failures="0" tests="1" name="jdbc.practice.ExecuteUpdateTest" time="0.283" errors="0" timestamp="2021-11-05T12:08:25 IST" skipped="0">
  <testcase classname="jdbc.practice.ExecuteUpdateTest" name="executeUpdateTest" time="0.283"/>
  <system-out/>
</testsuite> <!-- jdbc.practice.ExecuteUpdateTest -->
