<?xml version="1.0" encoding="UTF-8"?>
<!-- Generated by org.testng.reporters.JUnitReportReporter -->
<testsuite hostname="LAPTOP-7FB3PP7D" failures="0" tests="1" name="com.practice.SalaryInExcelTest" time="0.414" errors="0" timestamp="2021-11-11T12:40:23 IST" skipped="0">
  <testcase classname="com.practice.SalaryInExcelTest" name="salaryInExcelTest" time="0.414"/>
  <system-out/>
</testsuite> <!-- com.practice.SalaryInExcelTest -->
