<?xml version="1.0" encoding="UTF-8"?>
<!-- Generated by org.testng.reporters.JUnitReportReporter -->
<testsuite hostname="LAPTOP-7FB3PP7D" failures="0" tests="3" name="testNG.practice.DataProviderTest" time="0.013" errors="0" timestamp="2021-11-02T21:32:02 IST" skipped="0">
  <testcase classname="testNG.practice.DataProviderTest" name="details" time="0.009"/>
  <system-out>
    <![CDATA[Name of Bird: Dove .It's price is : 12345]]>
  </system-out>
  <testcase classname="testNG.practice.DataProviderTest" name="details" time="0.002"/>
  <system-out>
    <![CDATA[Name of Bird: Candy .It's price is : 44227]]>
  </system-out>
  <testcase classname="testNG.practice.DataProviderTest" name="details" time="0.002"/>
  <system-out>
    <![CDATA[Name of Bird: Lucky .It's price is : 78945]]>
  </system-out>
</testsuite> <!-- testNG.practice.DataProviderTest -->
