<?xml version="1.0" encoding="UTF-8"?>
<!-- Generated by org.testng.reporters.JUnitReportReporter -->
<testsuite hostname="LAPTOP-7FB3PP7D" failures="0" tests="1" name="com.vtiger.testscripts.AddIndustryInOrganizationTest" time="32.229" errors="0" timestamp="2021-11-07T15:32:17 IST" skipped="0">
  <testcase classname="com.vtiger.testscripts.AddIndustryInOrganizationTest" name="addIndustryinOrganisationTest" time="32.229"/>
  <system-out/>
</testsuite> <!-- com.vtiger.testscripts.AddIndustryInOrganizationTest -->
