<?xml version="1.0" encoding="UTF-8"?>
<!-- Generated by org.testng.reporters.JUnitReportReporter -->
<testsuite hostname="LAPTOP-7FB3PP7D" failures="0" tests="1" name="com.vtiger.testscripts.Testcase" time="0.010" errors="0" timestamp="2021-11-01T12:43:23 IST" skipped="0">
  <testcase classname="com.vtiger.testscripts.Testcase" name="testcase" time="0.010"/>
  <system-out/>
</testsuite> <!-- com.vtiger.testscripts.Testcase -->
