<?xml version="1.0" encoding="UTF-8"?>
<!-- Generated by org.testng.reporters.JUnitReportReporter -->
<testsuite hostname="LAPTOP-7FB3PP7D" failures="0" tests="1" name="jdbc.practice.VerifyTheTableTest" time="0.372" errors="0" timestamp="2021-11-05T12:37:24 IST" skipped="0">
  <testcase classname="jdbc.practice.VerifyTheTableTest" name="verifyTheTableTest" time="0.372"/>
  <system-out/>
</testsuite> <!-- jdbc.practice.VerifyTheTableTest -->
