<?xml version="1.0" encoding="UTF-8"?>
<!-- Generated by org.testng.reporters.JUnitReportReporter -->
<testsuite hostname="LAPTOP-7FB3PP7D" failures="0" tests="1" name="com.practice.LenskartTest" time="18.796" errors="0" timestamp="2021-11-11T17:11:05 IST" skipped="0">
  <testcase classname="com.practice.LenskartTest" name="lenskartTest" time="18.796"/>
  <system-out/>
</testsuite> <!-- com.practice.LenskartTest -->
