<?xml version="1.0" encoding="UTF-8"?>
<!-- Generated by org.testng.reporters.JUnitReportReporter -->
<testsuite hostname="LAPTOP-7FB3PP7D" failures="0" tests="2" name="com.vtiger.testscripts.GroupingTheMultiplePrgmsTest" time="81.381" errors="0" timestamp="2021-11-08T16:49:41 IST" skipped="0">
  <testcase classname="com.vtiger.testscripts.GroupingTheMultiplePrgmsTest" name="addContactOfOrganizationTest" time="45.208"/>
  <system-out/>
  <testcase classname="com.vtiger.testscripts.GroupingTheMultiplePrgmsTest" name="addIndustryinOrganisationTest" time="36.173"/>
  <system-out/>
</testsuite> <!-- com.vtiger.testscripts.GroupingTheMultiplePrgmsTest -->
