<?xml version="1.0" encoding="UTF-8"?>
<!-- Generated by org.testng.reporters.JUnitReportReporter -->
<testsuite hostname="LAPTOP-7FB3PP7D" failures="0" tests="1" name="com.vtiger.testscripts.AddContactOfOrganizationTest" time="44.972" errors="0" timestamp="2021-11-15T15:11:51 IST" skipped="0">
  <testcase classname="com.vtiger.testscripts.AddContactOfOrganizationTest" name="addContactOfOrganizationTest" time="44.972"/>
  <system-out/>
</testsuite> <!-- com.vtiger.testscripts.AddContactOfOrganizationTest -->
